0 info it worked if it ends with ok
1 verbose cli [ 'node', '/usr/local/bin/npm', 'install', 'modernizr' ]
2 info using npm@1.1.45
3 info using node@v0.8.4
4 verbose config file /Users/chinhai/.npmrc
5 verbose config file /usr/local/etc/npmrc
6 verbose config file /usr/local/lib/node_modules/npm/npmrc
7 verbose read json /Volumes/Macintosh/project/mogoo/package.json
8 verbose read json /Volumes/Macintosh/project/mogoo/node_modules/backbone/package.json
9 verbose read json /Volumes/Macintosh/project/mogoo/node_modules/config/package.json
10 verbose read json /Volumes/Macintosh/project/mogoo/node_modules/connect-mongo/package.json
11 verbose read json /Volumes/Macintosh/project/mogoo/node_modules/express/package.json
12 verbose read json /Volumes/Macintosh/project/mogoo/node_modules/jade/package.json
13 verbose read json /Volumes/Macintosh/project/mogoo/node_modules/less/package.json
14 verbose read json /Volumes/Macintosh/project/mogoo/node_modules/mongoose/package.json
15 verbose read json /Volumes/Macintosh/project/mogoo/node_modules/mongoskin/package.json
16 verbose read json /Volumes/Macintosh/project/mogoo/node_modules/seajs/package.json
17 verbose read json /Volumes/Macintosh/project/mogoo/node_modules/socket.io/package.json
18 verbose read json /Volumes/Macintosh/project/mogoo/node_modules/underscore/package.json
19 verbose read json /Volumes/Macintosh/project/mogoo/node_modules/velocityjs/package.json
20 verbose read json /Volumes/Macintosh/project/mogoo/package.json
21 verbose cache add [ 'modernizr', null ]
22 silly cache add name=undefined spec="modernizr" args=["modernizr",null]
23 verbose parsed url { pathname: 'modernizr', path: 'modernizr', href: 'modernizr' }
24 silly lockFile 269b9fca-modernizr modernizr
25 verbose lock modernizr /Users/chinhai/.npm/269b9fca-modernizr.lock
26 silly lockFile 269b9fca-modernizr modernizr
27 verbose addNamed [ 'modernizr', '' ]
28 verbose addNamed [ null, '' ]
29 silly lockFile b4d6d153-modernizr modernizr@
30 verbose lock modernizr@ /Users/chinhai/.npm/b4d6d153-modernizr.lock
31 silly addNameRange { name: 'modernizr', range: '', hasData: false }
32 verbose url raw modernizr
33 verbose url resolving [ 'https://registry.npmjs.org/', './modernizr' ]
34 verbose url resolved https://registry.npmjs.org/modernizr
35 info retry registry request attempt 1 at 22:38:53
36 http GET https://registry.npmjs.org/modernizr
37 http 404 https://registry.npmjs.org/modernizr
38 silly registry.get cb [ 404,
38 silly registry.get   { server: 'CouchDB/1.2.1 (Erlang OTP/R15B03)',
38 silly registry.get     date: 'Sun, 24 Feb 2013 14:38:56 GMT',
38 silly registry.get     'content-type': 'application/json',
38 silly registry.get     'content-length': '52',
38 silly registry.get     'cache-control': 'must-revalidate' } ]
39 silly lockFile b4d6d153-modernizr modernizr@
40 error 404 'modernizr' is not in the npm registry.
40 error 404 You should bug the author to publish it
40 error 404
40 error 404 Note that you can also install from a
40 error 404 tarball, folder, or http url, or git url.
41 error System Darwin 12.2.0
42 error command "node" "/usr/local/bin/npm" "install" "modernizr"
43 error cwd /Volumes/Macintosh/project/mogoo
44 error node -v v0.8.4
45 error npm -v 1.1.45
46 error code E404
47 verbose exit [ 1, true ]
